<?xml version="1.0" encoding="UTF-8" standalone="yes" ?>
<test-results name="D:\Libraries\Documents\GitHub\SMR\Tests\Group\bin\GroupServiceTests.exe" total="2" errors="0" failures="0" ignored="0" inconclusive="0" not-run="0" skipped="0" invalid="0" date="2016-10-24" time="0.045">
  <culture-info current-culture="en" current-uiculture="en" />
  <test-suite type="Assembly" name="GroupServiceTests.exe" executed="true" result="Success" success="True" time="0.045" asserts="0">
    <results>
        <test-suite type="Namespace" name="uGroupMembershipTests" executed="true" result="Success" success="True" time="0.045" asserts="0" >
          <results>
              <test-suite type="Fixture" name="TGroupMembershipTests" executed="True" result="Success" success="True" time="0.045" >
                <results>
                  <test-case name="TestCreateGroup" executed="True" result="Success" success="True" time="0.030" asserts="0" />
                  <test-case name="TestJoin" executed="True" result="Success" success="True" time="0.015" asserts="0" />
                </results>
              </test-suite>
          </results>
        </test-suite>
    </results>
  </test-suite>
</test-results>
